<?xml version="1.0" encoding="UTF-8"?>
<!-- Generated by org.testng.reporters.JUnitReportReporter -->
<testsuite skipped="0" hostname="DESKTOP-5OHR9DS" name="gov.uk.check.visa.testsuite.VisaConfirmationTest" tests="3" failures="0" timestamp="2022-12-15T20:14:02 GMT" time="25.607" errors="0">
  <testcase name="anAustralianCominToUKForTourism" time="13.428" classname="gov.uk.check.visa.testsuite.VisaConfirmationTest"/>
  <system-out>
    <![CDATA[Click start now button[[ChromeDriver: chrome on WINDOWS (a18faec997bd1dcf0ada6bceee6140f7)] -> xpath: //body[1]/div[3]/div[1]/main[1]/div[2]/div[1]/article[1]/section[1]/a[1]]
Selecting Nationality from dropdown
Clicking on next step button
Clicking on reason tourism
Clicking on continue button
Expected message to compare
Getting result message]]>
  </system-out>
  <testcase name="aChileanComingToTheUKForWorkAndPlansOnStayingForLongerThanSixMonths" time="6.261" classname="gov.uk.check.visa.testsuite.VisaConfirmationTest"/>
  <system-out>
    <![CDATA[Click start now button[[ChromeDriver: chrome on WINDOWS (ef0f51841681b9d8807662877ffb2eb1)] -> xpath: //body[1]/div[3]/div[1]/main[1]/div[2]/div[1]/article[1]/section[1]/a[1]]
Selecting Nationality from dropdown
Clicking on next step button
Clicking on reason tourism
Clicking on continue button
Expected message to compare
Getting result message]]>
  </system-out>
  <testcase name="aColumbianNationalComingToTheUKToJoinAPartnerForALongStayTheyDoHaveAnArticle10Or20Card" time="5.918" classname="gov.uk.check.visa.testsuite.VisaConfirmationTest"/>
  <system-out>
    <![CDATA[Click start now button[[ChromeDriver: chrome on WINDOWS (d5b024b13cc0f633040267a034b7d43c)] -> xpath: //body[1]/div[3]/div[1]/main[1]/div[2]/div[1]/article[1]/section[1]/a[1]]
Selecting Nationality from dropdown
Clicking on next step button
Clicking on reason tourism
Clicking on continue button
Expected message to compare
Getting result message]]>
  </system-out>
</testsuite> <!-- gov.uk.check.visa.testsuite.VisaConfirmationTest -->
